<?xml version="1.0" encoding="UTF-8"?>
<testng-results skipped="0" failed="0" total="1" passed="1">
  <reporter-output>
  </reporter-output>
  <suite name="Suite" duration-ms="87428" started-at="2020-08-28T14:42:49Z" finished-at="2020-08-28T14:44:16Z">
    <groups>
    </groups>
    <test name="Test" duration-ms="87428" started-at="2020-08-28T14:42:49Z" finished-at="2020-08-28T14:44:16Z">
      <class name="testpacksge.testclass">
        <test-method status="PASS" signature="verifyproduct()[pri:0, instance:testpacksge.testclass@1832929]" name="verifyproduct" duration-ms="87363" started-at="2020-08-28T20:12:49Z" finished-at="2020-08-28T20:14:16Z">
          <reporter-output>
          </reporter-output>
        </test-method> <!-- verifyproduct -->
      </class> <!-- testpacksge.testclass -->
    </test> <!-- Test -->
  </suite> <!-- Suite -->
</testng-results>
